android/app/build/intermediates/manifest_merge_blame_file/release/manifest-merger-blame-release-report.txt
1<?xml version="1.0" encoding="utf-8"?>
2<manifest xmlns:android="http://schemas.android.com/apk/res/android"
3    package="com.myionicapp.demo.app"
4    android:versionCode="1"
5    android:versionName="1.0" >
6
7    <uses-sdk
8        android:minSdkVersion="21"
8-->src\main\AndroidManifest.xml
9        android:targetSdkVersion="30" />
9-->src\main\AndroidManifest.xml
10
11    <!-- Permissions -->
12
13    <uses-permission android:name="android.permission.INTERNET" />
13-->src\main\AndroidManifest.xml:41:5-67
13-->src\main\AndroidManifest.xml:41:22-64
14    <uses-permission android:name="android.permission.VIBRATE" />
14-->[:capacitor-haptics] AndroidManifest.xml:9:5-66
14-->[:capacitor-haptics] AndroidManifest.xml:9:22-63
15    <uses-permission android:name="android.permission.ACCESS_NETWORK_STATE" />
15-->[com.google.firebase:firebase-iid:21.0.1] AndroidManifest.xml:22:5-79
15-->[com.google.firebase:firebase-iid:21.0.1] AndroidManifest.xml:22:22-76
16    <uses-permission android:name="android.permission.WAKE_LOCK" /> <!-- Required by older versions of Google Play services to create IID tokens -->
16-->[com.google.firebase:firebase-iid:21.0.1] AndroidManifest.xml:24:5-68
16-->[com.google.firebase:firebase-iid:21.0.1] AndroidManifest.xml:24:22-65
17    <uses-permission android:name="com.google.android.c2dm.permission.RECEIVE" />
17-->[com.google.firebase:firebase-iid:21.0.1] AndroidManifest.xml:26:5-82
17-->[com.google.firebase:firebase-iid:21.0.1] AndroidManifest.xml:26:22-79
18
19    <application
19-->src\main\AndroidManifest.xml:5:5-37:19
20        android:allowBackup="true"
20-->src\main\AndroidManifest.xml:6:9-35
21        android:appComponentFactory="androidx.core.app.CoreComponentFactory"
21-->[androidx.core:core:1.3.2] AndroidManifest.xml:24:18-86
22        android:icon="@drawable/logo"
22-->src\main\AndroidManifest.xml:7:9-38
23        android:label="@string/app_name"
23-->src\main\AndroidManifest.xml:8:9-41
24        android:roundIcon="@drawable/logo"
24-->src\main\AndroidManifest.xml:9:9-43
25        android:supportsRtl="true"
25-->src\main\AndroidManifest.xml:10:9-35
26        android:theme="@style/AppTheme"
26-->src\main\AndroidManifest.xml:11:9-40
27        android:usesCleartextTraffic="true" >
27-->src\main\AndroidManifest.xml:12:9-44
28        <activity
28-->src\main\AndroidManifest.xml:14:9-26:20
29            android:name="com.myionicapp.demo.app.MainActivity"
29-->src\main\AndroidManifest.xml:16:13-64
30            android:configChanges="orientation|keyboardHidden|keyboard|screenSize|locale|smallestScreenSize|screenLayout|uiMode"
30-->src\main\AndroidManifest.xml:15:13-129
31            android:label="@string/title_activity_main"
31-->src\main\AndroidManifest.xml:17:13-56
32            android:launchMode="singleTask"
32-->src\main\AndroidManifest.xml:19:13-44
33            android:theme="@style/AppTheme.NoActionBarLaunch" >
33-->src\main\AndroidManifest.xml:18:13-62
34            <intent-filter>
34-->src\main\AndroidManifest.xml:21:13-24:29
35                <action android:name="android.intent.action.MAIN" />
35-->src\main\AndroidManifest.xml:22:17-69
35-->src\main\AndroidManifest.xml:22:25-66
36
37                <category android:name="android.intent.category.LAUNCHER" />
37-->src\main\AndroidManifest.xml:23:17-77
37-->src\main\AndroidManifest.xml:23:27-74
38            </intent-filter>
39        </activity>
40
41        <provider
42            android:name="androidx.core.content.FileProvider"
42-->src\main\AndroidManifest.xml:29:13-62
43            android:authorities="com.myionicapp.demo.app.fileprovider"
43-->src\main\AndroidManifest.xml:30:13-64
44            android:exported="false"
44-->src\main\AndroidManifest.xml:31:13-37
45            android:grantUriPermissions="true" >
45-->src\main\AndroidManifest.xml:32:13-47
46            <meta-data
46-->src\main\AndroidManifest.xml:33:13-35:64
47                android:name="android.support.FILE_PROVIDER_PATHS"
47-->src\main\AndroidManifest.xml:34:17-67
48                android:resource="@xml/file_paths" />
48-->src\main\AndroidManifest.xml:35:17-51
49        </provider>
50
51        <service
51-->[:capacitor-push-notifications] AndroidManifest.xml:10:9-16:19
52            android:name="com.capacitorjs.plugins.pushnotifications.MessagingService"
52-->[:capacitor-push-notifications] AndroidManifest.xml:11:13-86
53            android:exported="false" >
53-->[:capacitor-push-notifications] AndroidManifest.xml:12:13-37
54            <intent-filter>
54-->[:capacitor-push-notifications] AndroidManifest.xml:13:13-15:29
55                <action android:name="com.google.firebase.MESSAGING_EVENT" />
55-->[:capacitor-push-notifications] AndroidManifest.xml:14:17-78
55-->[:capacitor-push-notifications] AndroidManifest.xml:14:25-75
56            </intent-filter>
57        </service>
58        <!--
59             FirebaseMessagingService performs security checks at runtime,
60             but set to not exported to explicitly avoid allowing another app to call it.
61        -->
62        <service
62-->[com.google.firebase:firebase-messaging:21.0.1] AndroidManifest.xml:28:9-35:19
63            android:name="com.google.firebase.messaging.FirebaseMessagingService"
63-->[com.google.firebase:firebase-messaging:21.0.1] AndroidManifest.xml:29:13-82
64            android:directBootAware="true"
64-->[com.google.firebase:firebase-messaging:21.0.1] AndroidManifest.xml:30:13-43
65            android:exported="false" >
65-->[com.google.firebase:firebase-messaging:21.0.1] AndroidManifest.xml:31:13-37
66            <intent-filter android:priority="-500" >
66-->[:capacitor-push-notifications] AndroidManifest.xml:13:13-15:29
67                <action android:name="com.google.firebase.MESSAGING_EVENT" />
67-->[:capacitor-push-notifications] AndroidManifest.xml:14:17-78
67-->[:capacitor-push-notifications] AndroidManifest.xml:14:25-75
68            </intent-filter>
69        </service>
70        <service
70-->[com.google.firebase:firebase-messaging:21.0.1] AndroidManifest.xml:36:9-42:19
71            android:name="com.google.firebase.components.ComponentDiscoveryService"
71-->[com.google.firebase:firebase-messaging:21.0.1] AndroidManifest.xml:37:13-84
72            android:directBootAware="true"
72-->[com.google.firebase:firebase-common:19.5.0] AndroidManifest.xml:35:13-43
73            android:exported="false" >
73-->[com.google.firebase:firebase-messaging:21.0.1] AndroidManifest.xml:38:13-37
74            <meta-data
74-->[com.google.firebase:firebase-messaging:21.0.1] AndroidManifest.xml:39:13-41:85
75                android:name="com.google.firebase.components:com.google.firebase.messaging.FirebaseMessagingRegistrar"
75-->[com.google.firebase:firebase-messaging:21.0.1] AndroidManifest.xml:40:17-119
76                android:value="com.google.firebase.components.ComponentRegistrar" />
76-->[com.google.firebase:firebase-messaging:21.0.1] AndroidManifest.xml:41:17-82
77            <meta-data
77-->[com.google.firebase:firebase-iid:21.0.1] AndroidManifest.xml:32:13-34:85
78                android:name="com.google.firebase.components:com.google.firebase.iid.Registrar"
78-->[com.google.firebase:firebase-iid:21.0.1] AndroidManifest.xml:33:17-96
79                android:value="com.google.firebase.components.ComponentRegistrar" />
79-->[com.google.firebase:firebase-iid:21.0.1] AndroidManifest.xml:34:17-82
80            <meta-data
80-->[com.google.firebase:firebase-datatransport:17.0.10] AndroidManifest.xml:28:13-30:85
81                android:name="com.google.firebase.components:com.google.firebase.datatransport.TransportRegistrar"
81-->[com.google.firebase:firebase-datatransport:17.0.10] AndroidManifest.xml:29:17-115
82                android:value="com.google.firebase.components.ComponentRegistrar" />
82-->[com.google.firebase:firebase-datatransport:17.0.10] AndroidManifest.xml:30:17-82
83            <meta-data
83-->[com.google.firebase:firebase-installations:16.3.5] AndroidManifest.xml:18:13-20:85
84                android:name="com.google.firebase.components:com.google.firebase.installations.FirebaseInstallationsRegistrar"
84-->[com.google.firebase:firebase-installations:16.3.5] AndroidManifest.xml:19:17-127
85                android:value="com.google.firebase.components.ComponentRegistrar" />
85-->[com.google.firebase:firebase-installations:16.3.5] AndroidManifest.xml:20:17-82
86            <!--
87                This registrar is not defined in the dynamic-module-support sdk itself to allow non-firebase
88                clients to use it as well, by defining this registrar in their own core/common library.
89            -->
90            <meta-data
90-->[com.google.firebase:firebase-common:19.5.0] AndroidManifest.xml:43:13-45:85
91                android:name="com.google.firebase.components:com.google.firebase.dynamicloading.DynamicLoadingRegistrar"
91-->[com.google.firebase:firebase-common:19.5.0] AndroidManifest.xml:44:17-121
92                android:value="com.google.firebase.components.ComponentRegistrar" />
92-->[com.google.firebase:firebase-common:19.5.0] AndroidManifest.xml:45:17-82
93        </service>
94
95        <receiver
95-->[com.google.firebase:firebase-iid:21.0.1] AndroidManifest.xml:37:9-44:20
96            android:name="com.google.firebase.iid.FirebaseInstanceIdReceiver"
96-->[com.google.firebase:firebase-iid:21.0.1] AndroidManifest.xml:38:13-78
97            android:exported="true"
97-->[com.google.firebase:firebase-iid:21.0.1] AndroidManifest.xml:39:13-36
98            android:permission="com.google.android.c2dm.permission.SEND" >
98-->[com.google.firebase:firebase-iid:21.0.1] AndroidManifest.xml:40:13-73
99            <intent-filter>
99-->[com.google.firebase:firebase-iid:21.0.1] AndroidManifest.xml:41:13-43:29
100                <action android:name="com.google.android.c2dm.intent.RECEIVE" />
100-->[com.google.firebase:firebase-iid:21.0.1] AndroidManifest.xml:42:17-81
100-->[com.google.firebase:firebase-iid:21.0.1] AndroidManifest.xml:42:25-78
101            </intent-filter>
102        </receiver>
103
104        <provider
104-->[com.google.firebase:firebase-common:19.5.0] AndroidManifest.xml:26:9-31:39
105            android:name="com.google.firebase.provider.FirebaseInitProvider"
105-->[com.google.firebase:firebase-common:19.5.0] AndroidManifest.xml:27:13-77
106            android:authorities="com.myionicapp.demo.app.firebaseinitprovider"
106-->[com.google.firebase:firebase-common:19.5.0] AndroidManifest.xml:28:13-72
107            android:directBootAware="true"
107-->[com.google.firebase:firebase-common:19.5.0] AndroidManifest.xml:29:13-43
108            android:exported="false"
108-->[com.google.firebase:firebase-common:19.5.0] AndroidManifest.xml:30:13-37
109            android:initOrder="100" />
109-->[com.google.firebase:firebase-common:19.5.0] AndroidManifest.xml:31:13-36
110
111        <activity
111-->[com.google.android.gms:play-services-base:17.0.0] AndroidManifest.xml:23:9-26:75
112            android:name="com.google.android.gms.common.api.GoogleApiActivity"
112-->[com.google.android.gms:play-services-base:17.0.0] AndroidManifest.xml:24:13-79
113            android:exported="false"
113-->[com.google.android.gms:play-services-base:17.0.0] AndroidManifest.xml:25:13-37
114            android:theme="@android:style/Theme.Translucent.NoTitleBar" />
114-->[com.google.android.gms:play-services-base:17.0.0] AndroidManifest.xml:26:13-72
115
116        <meta-data
116-->[com.google.android.gms:play-services-basement:17.0.0] AndroidManifest.xml:23:9-25:69
117            android:name="com.google.android.gms.version"
117-->[com.google.android.gms:play-services-basement:17.0.0] AndroidManifest.xml:24:13-58
118            android:value="@integer/google_play_services_version" />
118-->[com.google.android.gms:play-services-basement:17.0.0] AndroidManifest.xml:25:13-66
119
120        <service
120-->[com.google.android.datatransport:transport-backend-cct:2.3.3] AndroidManifest.xml:29:9-35:19
121            android:name="com.google.android.datatransport.runtime.backends.TransportBackendDiscovery"
121-->[com.google.android.datatransport:transport-backend-cct:2.3.3] AndroidManifest.xml:30:13-103
122            android:exported="false" >
122-->[com.google.android.datatransport:transport-backend-cct:2.3.3] AndroidManifest.xml:31:13-37
123            <meta-data
123-->[com.google.android.datatransport:transport-backend-cct:2.3.3] AndroidManifest.xml:32:13-34:39
124                android:name="backend:com.google.android.datatransport.cct.CctBackendFactory"
124-->[com.google.android.datatransport:transport-backend-cct:2.3.3] AndroidManifest.xml:33:17-94
125                android:value="cct" />
125-->[com.google.android.datatransport:transport-backend-cct:2.3.3] AndroidManifest.xml:34:17-36
126        </service>
127        <service
127-->[com.google.android.datatransport:transport-runtime:2.2.5] AndroidManifest.xml:26:9-30:19
128            android:name="com.google.android.datatransport.runtime.scheduling.jobscheduling.JobInfoSchedulerService"
128-->[com.google.android.datatransport:transport-runtime:2.2.5] AndroidManifest.xml:27:13-117
129            android:exported="false"
129-->[com.google.android.datatransport:transport-runtime:2.2.5] AndroidManifest.xml:28:13-37
130            android:permission="android.permission.BIND_JOB_SERVICE" >
130-->[com.google.android.datatransport:transport-runtime:2.2.5] AndroidManifest.xml:29:13-69
131        </service>
132
133        <receiver
133-->[com.google.android.datatransport:transport-runtime:2.2.5] AndroidManifest.xml:32:9-34:40
134            android:name="com.google.android.datatransport.runtime.scheduling.jobscheduling.AlarmManagerSchedulerBroadcastReceiver"
134-->[com.google.android.datatransport:transport-runtime:2.2.5] AndroidManifest.xml:33:13-132
135            android:exported="false" />
135-->[com.google.android.datatransport:transport-runtime:2.2.5] AndroidManifest.xml:34:13-37
136    </application>
137
138</manifest>